Analysis & Synthesis report for pratica3
Fri May 25 23:54:06 2018
Quartus II 64-Bit Version 13.0.1 Build 232 06/12/2013 Service Pack 1 SJ Web Edition


---------------------
; Table of Contents ;
---------------------
  1. Legal Notice
  2. Analysis & Synthesis Summary
  3. Analysis & Synthesis Settings
  4. Parallel Compilation
  5. Analysis & Synthesis Source Files Read
  6. Analysis & Synthesis Resource Usage Summary
  7. Analysis & Synthesis Resource Utilization by Entity
  8. State Machine - |pratica3|Tomasulo:tomas|SumOp
  9. Registers Removed During Synthesis
 10. Removed Registers Triggering Further Register Optimizations
 11. General Register Statistics
 12. Multiplexer Restructuring Statistics (Restructuring Performed)
 13. Port Connectivity Checks: "Tomasulo:tomas"
 14. Elapsed Time Per Partition
 15. Analysis & Synthesis Messages



----------------
; Legal Notice ;
----------------
Copyright (C) 1991-2013 Altera Corporation
Your use of Altera Corporation's design tools, logic functions 
and other software and tools, and its AMPP partner logic 
functions, and any output files from any of the foregoing 
(including device programming or simulation files), and any 
associated documentation or information are expressly subject 
to the terms and conditions of the Altera Program License 
Subscription Agreement, Altera MegaCore Function License 
Agreement, or other applicable license agreement, including, 
without limitation, that your use is for the sole purpose of 
programming logic devices manufactured by Altera and sold by 
Altera or its authorized distributors.  Please refer to the 
applicable agreement for further details.



+--------------------------------------------------------------------------------------+
; Analysis & Synthesis Summary                                                         ;
+------------------------------------+-------------------------------------------------+
; Analysis & Synthesis Status        ; Successful - Fri May 25 23:54:06 2018           ;
; Quartus II 64-Bit Version          ; 13.0.1 Build 232 06/12/2013 SP 1 SJ Web Edition ;
; Revision Name                      ; pratica3                                        ;
; Top-level Entity Name              ; pratica3                                        ;
; Family                             ; Cyclone II                                      ;
; Total logic elements               ; 642                                             ;
;     Total combinational functions  ; 642                                             ;
;     Dedicated logic registers      ; 94                                              ;
; Total registers                    ; 94                                              ;
; Total pins                         ; 50                                              ;
; Total virtual pins                 ; 0                                               ;
; Total memory bits                  ; 0                                               ;
; Embedded Multiplier 9-bit elements ; 0                                               ;
; Total PLLs                         ; 0                                               ;
+------------------------------------+-------------------------------------------------+


+----------------------------------------------------------------------------------------------------------------------+
; Analysis & Synthesis Settings                                                                                        ;
+----------------------------------------------------------------------------+--------------------+--------------------+
; Option                                                                     ; Setting            ; Default Value      ;
+----------------------------------------------------------------------------+--------------------+--------------------+
; Device                                                                     ; EP2C35F672C6       ;                    ;
; Top-level entity name                                                      ; pratica3           ; pratica3           ;
; Family name                                                                ; Cyclone II         ; Cyclone IV GX      ;
; Use smart compilation                                                      ; Off                ; Off                ;
; Enable parallel Assembler and TimeQuest Timing Analyzer during compilation ; On                 ; On                 ;
; Enable compact report table                                                ; Off                ; Off                ;
; Restructure Multiplexers                                                   ; Auto               ; Auto               ;
; Create Debugging Nodes for IP Cores                                        ; Off                ; Off                ;
; Preserve fewer node names                                                  ; On                 ; On                 ;
; Disable OpenCore Plus hardware evaluation                                  ; Off                ; Off                ;
; Verilog Version                                                            ; Verilog_2001       ; Verilog_2001       ;
; VHDL Version                                                               ; VHDL_1993          ; VHDL_1993          ;
; State Machine Processing                                                   ; Auto               ; Auto               ;
; Safe State Machine                                                         ; Off                ; Off                ;
; Extract Verilog State Machines                                             ; On                 ; On                 ;
; Extract VHDL State Machines                                                ; On                 ; On                 ;
; Ignore Verilog initial constructs                                          ; Off                ; Off                ;
; Iteration limit for constant Verilog loops                                 ; 5000               ; 5000               ;
; Iteration limit for non-constant Verilog loops                             ; 250                ; 250                ;
; Add Pass-Through Logic to Inferred RAMs                                    ; On                 ; On                 ;
; Infer RAMs from Raw Logic                                                  ; On                 ; On                 ;
; Parallel Synthesis                                                         ; On                 ; On                 ;
; DSP Block Balancing                                                        ; Auto               ; Auto               ;
; NOT Gate Push-Back                                                         ; On                 ; On                 ;
; Power-Up Don't Care                                                        ; On                 ; On                 ;
; Remove Redundant Logic Cells                                               ; Off                ; Off                ;
; Remove Duplicate Registers                                                 ; On                 ; On                 ;
; Ignore CARRY Buffers                                                       ; Off                ; Off                ;
; Ignore CASCADE Buffers                                                     ; Off                ; Off                ;
; Ignore GLOBAL Buffers                                                      ; Off                ; Off                ;
; Ignore ROW GLOBAL Buffers                                                  ; Off                ; Off                ;
; Ignore LCELL Buffers                                                       ; Off                ; Off                ;
; Ignore SOFT Buffers                                                        ; On                 ; On                 ;
; Limit AHDL Integers to 32 Bits                                             ; Off                ; Off                ;
; Optimization Technique                                                     ; Balanced           ; Balanced           ;
; Carry Chain Length                                                         ; 70                 ; 70                 ;
; Auto Carry Chains                                                          ; On                 ; On                 ;
; Auto Open-Drain Pins                                                       ; On                 ; On                 ;
; Perform WYSIWYG Primitive Resynthesis                                      ; Off                ; Off                ;
; Auto ROM Replacement                                                       ; On                 ; On                 ;
; Auto RAM Replacement                                                       ; On                 ; On                 ;
; Auto Shift Register Replacement                                            ; Auto               ; Auto               ;
; Allow Shift Register Merging across Hierarchies                            ; Auto               ; Auto               ;
; Auto Clock Enable Replacement                                              ; On                 ; On                 ;
; Strict RAM Replacement                                                     ; Off                ; Off                ;
; Allow Synchronous Control Signals                                          ; On                 ; On                 ;
; Force Use of Synchronous Clear Signals                                     ; Off                ; Off                ;
; Auto RAM to Logic Cell Conversion                                          ; Off                ; Off                ;
; Auto Resource Sharing                                                      ; Off                ; Off                ;
; Allow Any RAM Size For Recognition                                         ; Off                ; Off                ;
; Allow Any ROM Size For Recognition                                         ; Off                ; Off                ;
; Allow Any Shift Register Size For Recognition                              ; Off                ; Off                ;
; Use LogicLock Constraints during Resource Balancing                        ; On                 ; On                 ;
; Ignore translate_off and synthesis_off directives                          ; Off                ; Off                ;
; Timing-Driven Synthesis                                                    ; Off                ; Off                ;
; Report Parameter Settings                                                  ; On                 ; On                 ;
; Report Source Assignments                                                  ; On                 ; On                 ;
; Report Connectivity Checks                                                 ; On                 ; On                 ;
; Ignore Maximum Fan-Out Assignments                                         ; Off                ; Off                ;
; Synchronization Register Chain Length                                      ; 2                  ; 2                  ;
; PowerPlay Power Optimization                                               ; Normal compilation ; Normal compilation ;
; HDL message level                                                          ; Level2             ; Level2             ;
; Suppress Register Optimization Related Messages                            ; Off                ; Off                ;
; Number of Removed Registers Reported in Synthesis Report                   ; 5000               ; 5000               ;
; Number of Swept Nodes Reported in Synthesis Report                         ; 5000               ; 5000               ;
; Number of Inverted Registers Reported in Synthesis Report                  ; 100                ; 100                ;
; Clock MUX Protection                                                       ; On                 ; On                 ;
; Auto Gated Clock Conversion                                                ; Off                ; Off                ;
; Block Design Naming                                                        ; Auto               ; Auto               ;
; SDC constraint protection                                                  ; Off                ; Off                ;
; Synthesis Effort                                                           ; Auto               ; Auto               ;
; Shift Register Replacement - Allow Asynchronous Clear Signal               ; On                 ; On                 ;
; Pre-Mapping Resynthesis Optimization                                       ; Off                ; Off                ;
; Analysis & Synthesis Message Level                                         ; Medium             ; Medium             ;
; Disable Register Merging Across Hierarchies                                ; Auto               ; Auto               ;
; Resource Aware Inference For Block RAM                                     ; On                 ; On                 ;
; Synthesis Seed                                                             ; 1                  ; 1                  ;
+----------------------------------------------------------------------------+--------------------+--------------------+


Parallel compilation was disabled, but you have multiple processors available. Enable parallel compilation to reduce compilation time.
+-------------------------------------+
; Parallel Compilation                ;
+----------------------------+--------+
; Processors                 ; Number ;
+----------------------------+--------+
; Number detected on machine ; 4      ;
; Maximum allowed            ; 1      ;
+----------------------------+--------+


+-------------------------------------------------------------------------------------------------------------------------------------------------------+
; Analysis & Synthesis Source Files Read                                                                                                                ;
+----------------------------------+-----------------+------------------------+---------------------------------------------------------------+---------+
; File Name with User-Entered Path ; Used in Netlist ; File Type              ; File Name with Absolute Path                                  ; Library ;
+----------------------------------+-----------------+------------------------+---------------------------------------------------------------+---------+
; pratica3.v                       ; yes             ; User Verilog HDL File  ; C:/Users/Positivo/Desktop/faculdade/LAOC2/pratica3/pratica3.v ;         ;
+----------------------------------+-----------------+------------------------+---------------------------------------------------------------+---------+


+------------------------------------------------------+
; Analysis & Synthesis Resource Usage Summary          ;
+---------------------------------------------+--------+
; Resource                                    ; Usage  ;
+---------------------------------------------+--------+
; Estimated Total logic elements              ; 642    ;
;                                             ;        ;
; Total combinational functions               ; 642    ;
; Logic element usage by number of LUT inputs ;        ;
;     -- 4 input functions                    ; 461    ;
;     -- 3 input functions                    ; 140    ;
;     -- <=2 input functions                  ; 41     ;
;                                             ;        ;
; Logic elements by mode                      ;        ;
;     -- normal mode                          ; 635    ;
;     -- arithmetic mode                      ; 7      ;
;                                             ;        ;
; Total registers                             ; 94     ;
;     -- Dedicated logic registers            ; 94     ;
;     -- I/O registers                        ; 0      ;
;                                             ;        ;
; I/O pins                                    ; 50     ;
; Embedded Multiplier 9-bit elements          ; 0      ;
; Maximum fan-out node                        ; SW[16] ;
; Maximum fan-out                             ; 94     ;
; Total fan-out                               ; 2616   ;
; Average fan-out                             ; 3.33   ;
+---------------------------------------------+--------+


+----------------------------------------------------------------------------------------------------------------------------------------------------------------------------------+
; Analysis & Synthesis Resource Utilization by Entity                                                                                                                              ;
+----------------------------+-------------------+--------------+-------------+--------------+---------+-----------+------+--------------+--------------------------+--------------+
; Compilation Hierarchy Node ; LC Combinationals ; LC Registers ; Memory Bits ; DSP Elements ; DSP 9x9 ; DSP 18x18 ; Pins ; Virtual Pins ; Full Hierarchy Name      ; Library Name ;
+----------------------------+-------------------+--------------+-------------+--------------+---------+-----------+------+--------------+--------------------------+--------------+
; |pratica3                  ; 642 (0)           ; 94 (0)       ; 0           ; 0            ; 0       ; 0         ; 50   ; 0            ; |pratica3                ; work         ;
;    |Tomasulo:tomas|        ; 642 (642)         ; 94 (94)      ; 0           ; 0            ; 0       ; 0         ; 0    ; 0            ; |pratica3|Tomasulo:tomas ; work         ;
+----------------------------+-------------------+--------------+-------------+--------------+---------+-----------+------+--------------+--------------------------+--------------+
Note: For table entries with two numbers listed, the numbers in parentheses indicate the number of resources of the given type used by the specific entity alone. The numbers listed outside of parentheses indicate the total resources of the given type used by the specific entity and all of its sub-entities in the hierarchy.


Encoding Type:  One-Hot
+------------------------------------------------+
; State Machine - |pratica3|Tomasulo:tomas|SumOp ;
+----------+-------------------------------------+
; Name     ; SumOp.01                            ;
+----------+-------------------------------------+
; SumOp.00 ; 0                                   ;
; SumOp.01 ; 1                                   ;
+----------+-------------------------------------+


+-----------------------------------------------------------------------------------------------------+
; Registers Removed During Synthesis                                                                  ;
+----------------------------------------------+------------------------------------------------------+
; Register name                                ; Reason for Removal                                   ;
+----------------------------------------------+------------------------------------------------------+
; Tomasulo:tomas|SumDone                       ; Stuck at GND due to stuck port data_in               ;
; Tomasulo:tomas|CDBusy                        ; Stuck at GND due to stuck port data_in               ;
; Tomasulo:tomas|bancoRegLabel[3][0]           ; Merged with Tomasulo:tomas|EstacaoReservaMulQk[1][0] ;
; Tomasulo:tomas|EstacaoReservaMulQk[0][1]     ; Merged with Tomasulo:tomas|EstacaoReservaMulQk[1][0] ;
; Tomasulo:tomas|EstacaoReservaMulLabel[0][5]  ; Merged with Tomasulo:tomas|EstacaoReservaMulQk[1][0] ;
; Tomasulo:tomas|EstacaoReservaMulQk[1][7]     ; Merged with Tomasulo:tomas|EstacaoReservaMulQk[1][0] ;
; Tomasulo:tomas|EstacaoReservaMulQk[0][5]     ; Merged with Tomasulo:tomas|EstacaoReservaMulQk[1][0] ;
; Tomasulo:tomas|EstacaoReservaMulQj[1][4]     ; Merged with Tomasulo:tomas|EstacaoReservaMulQk[1][0] ;
; Tomasulo:tomas|bancoRegLabel[2][5]           ; Merged with Tomasulo:tomas|EstacaoReservaMulQk[1][0] ;
; Tomasulo:tomas|EstacaoReservaMulLabel[0][6]  ; Merged with Tomasulo:tomas|EstacaoReservaMulQk[1][0] ;
; Tomasulo:tomas|EstacaoReservaMulQk[0][3]     ; Merged with Tomasulo:tomas|EstacaoReservaMulQk[1][0] ;
; Tomasulo:tomas|EstacaoReservaMulQj[0][0]     ; Merged with Tomasulo:tomas|EstacaoReservaMulQk[1][0] ;
; Tomasulo:tomas|EstacaoReservaMulQj[1][10]    ; Merged with Tomasulo:tomas|EstacaoReservaMulQk[1][0] ;
; Tomasulo:tomas|EstacaoReservaMulQk[1][5]     ; Merged with Tomasulo:tomas|EstacaoReservaMulQk[1][0] ;
; Tomasulo:tomas|EstacaoReservaMulQj[0][3]     ; Merged with Tomasulo:tomas|EstacaoReservaMulQk[1][0] ;
; Tomasulo:tomas|EstacaoReservaMulLabel[0][4]  ; Merged with Tomasulo:tomas|EstacaoReservaMulQk[1][0] ;
; Tomasulo:tomas|EstacaoReservaMulQk[0][6]     ; Merged with Tomasulo:tomas|EstacaoReservaMulQk[1][0] ;
; Tomasulo:tomas|bancoRegLabel[3][8]           ; Merged with Tomasulo:tomas|EstacaoReservaMulQk[1][0] ;
; Tomasulo:tomas|EstacaoReservaMulOp[0][2]     ; Merged with Tomasulo:tomas|EstacaoReservaMulQk[1][0] ;
; Tomasulo:tomas|EstacaoReservaMulQk[0][0]     ; Merged with Tomasulo:tomas|EstacaoReservaMulQk[1][0] ;
; Tomasulo:tomas|EstacaoReservaMulLabel[0][1]  ; Merged with Tomasulo:tomas|EstacaoReservaMulQk[1][0] ;
; Tomasulo:tomas|bancoRegLabel[3][9]           ; Merged with Tomasulo:tomas|EstacaoReservaMulQk[1][0] ;
; Tomasulo:tomas|EstacaoReservaMulOp[1][3]     ; Merged with Tomasulo:tomas|EstacaoReservaMulQk[1][0] ;
; Tomasulo:tomas|bancoRegLabel[2][10]          ; Merged with Tomasulo:tomas|EstacaoReservaMulQk[1][0] ;
; Tomasulo:tomas|EstacaoReservaMulLabel[1][6]  ; Merged with Tomasulo:tomas|EstacaoReservaMulQk[1][0] ;
; Tomasulo:tomas|EstacaoReservaMulQk[0][2]     ; Merged with Tomasulo:tomas|EstacaoReservaMulQk[1][0] ;
; Tomasulo:tomas|EstacaoReservaMulQj[0][5]     ; Merged with Tomasulo:tomas|EstacaoReservaMulQk[1][0] ;
; Tomasulo:tomas|EstacaoReservaMulQj[1][9]     ; Merged with Tomasulo:tomas|EstacaoReservaMulQk[1][0] ;
; Tomasulo:tomas|EstacaoReservaMulQk[1][4]     ; Merged with Tomasulo:tomas|EstacaoReservaMulQk[1][0] ;
; Tomasulo:tomas|bancoRegLabel[2][4]           ; Merged with Tomasulo:tomas|EstacaoReservaMulQk[1][0] ;
; Tomasulo:tomas|EstacaoReservaMulLabel[1][9]  ; Merged with Tomasulo:tomas|EstacaoReservaMulQk[1][0] ;
; Tomasulo:tomas|EstacaoReservaMulQj[0][7]     ; Merged with Tomasulo:tomas|EstacaoReservaMulQk[1][0] ;
; Tomasulo:tomas|EstacaoReservaMulQj[1][1]     ; Merged with Tomasulo:tomas|EstacaoReservaMulQk[1][0] ;
; Tomasulo:tomas|EstacaoReservaMulLabel[0][7]  ; Merged with Tomasulo:tomas|EstacaoReservaMulQk[1][0] ;
; Tomasulo:tomas|EstacaoReservaMulQj[0][4]     ; Merged with Tomasulo:tomas|EstacaoReservaMulQk[1][0] ;
; Tomasulo:tomas|bancoRegLabel[3][4]           ; Merged with Tomasulo:tomas|EstacaoReservaMulQk[1][0] ;
; Tomasulo:tomas|EstacaoReservaMulOp[1][2]     ; Merged with Tomasulo:tomas|EstacaoReservaMulQk[1][0] ;
; Tomasulo:tomas|bancoRegLabel[2][1]           ; Merged with Tomasulo:tomas|EstacaoReservaMulQk[1][0] ;
; Tomasulo:tomas|EstacaoReservaMulQj[1][8]     ; Merged with Tomasulo:tomas|EstacaoReservaMulQk[1][0] ;
; Tomasulo:tomas|bancoRegLabel[2][9]           ; Merged with Tomasulo:tomas|EstacaoReservaMulQk[1][0] ;
; Tomasulo:tomas|EstacaoReservaMulQj[1][2]     ; Merged with Tomasulo:tomas|EstacaoReservaMulQk[1][0] ;
; Tomasulo:tomas|EstacaoReservaMulQk[1][8]     ; Merged with Tomasulo:tomas|EstacaoReservaMulQk[1][0] ;
; Tomasulo:tomas|EstacaoReservaMulLabel[1][1]  ; Merged with Tomasulo:tomas|EstacaoReservaMulQk[1][0] ;
; Tomasulo:tomas|EstacaoReservaMulOp[1][1]     ; Merged with Tomasulo:tomas|EstacaoReservaMulQk[1][0] ;
; Tomasulo:tomas|bancoRegLabel[3][7]           ; Merged with Tomasulo:tomas|EstacaoReservaMulQk[1][0] ;
; Tomasulo:tomas|EstacaoReservaMulQk[1][1]     ; Merged with Tomasulo:tomas|EstacaoReservaMulQk[1][0] ;
; Tomasulo:tomas|EstacaoReservaMulLabel[0][10] ; Merged with Tomasulo:tomas|EstacaoReservaMulQk[1][0] ;
; Tomasulo:tomas|EstacaoReservaMulOp[0][3]     ; Merged with Tomasulo:tomas|EstacaoReservaMulQk[1][0] ;
; Tomasulo:tomas|bancoRegLabel[2][8]           ; Merged with Tomasulo:tomas|EstacaoReservaMulQk[1][0] ;
; Tomasulo:tomas|EstacaoReservaMulLabel[1][7]  ; Merged with Tomasulo:tomas|EstacaoReservaMulQk[1][0] ;
; Tomasulo:tomas|bancoRegLabel[3][3]           ; Merged with Tomasulo:tomas|EstacaoReservaMulQk[1][0] ;
; Tomasulo:tomas|EstacaoReservaMulQj[1][0]     ; Merged with Tomasulo:tomas|EstacaoReservaMulQk[1][0] ;
; Tomasulo:tomas|EstacaoReservaMulLabel[1][10] ; Merged with Tomasulo:tomas|EstacaoReservaMulQk[1][0] ;
; Tomasulo:tomas|EstacaoReservaMulLabel[0][3]  ; Merged with Tomasulo:tomas|EstacaoReservaMulQk[1][0] ;
; Tomasulo:tomas|EstacaoReservaMulQj[0][1]     ; Merged with Tomasulo:tomas|EstacaoReservaMulQk[1][0] ;
; Tomasulo:tomas|EstacaoReservaMulQj[0][8]     ; Merged with Tomasulo:tomas|EstacaoReservaMulQk[1][0] ;
; Tomasulo:tomas|EstacaoReservaMulQj[0][9]     ; Merged with Tomasulo:tomas|EstacaoReservaMulQk[1][0] ;
; Tomasulo:tomas|EstacaoReservaMulQk[1][10]    ; Merged with Tomasulo:tomas|EstacaoReservaMulQk[1][0] ;
; Tomasulo:tomas|EstacaoReservaMulQk[1][3]     ; Merged with Tomasulo:tomas|EstacaoReservaMulQk[1][0] ;
; Tomasulo:tomas|bancoRegLabel[2][6]           ; Merged with Tomasulo:tomas|EstacaoReservaMulQk[1][0] ;
; Tomasulo:tomas|EstacaoReservaMulQk[0][10]    ; Merged with Tomasulo:tomas|EstacaoReservaMulQk[1][0] ;
; Tomasulo:tomas|bancoRegLabel[3][1]           ; Merged with Tomasulo:tomas|EstacaoReservaMulQk[1][0] ;
; Tomasulo:tomas|EstacaoReservaMulQj[0][2]     ; Merged with Tomasulo:tomas|EstacaoReservaMulQk[1][0] ;
; Tomasulo:tomas|EstacaoReservaMulOp[0][1]     ; Merged with Tomasulo:tomas|EstacaoReservaMulQk[1][0] ;
; Tomasulo:tomas|EstacaoReservaMulLabel[0][0]  ; Merged with Tomasulo:tomas|EstacaoReservaMulQk[1][0] ;
; Tomasulo:tomas|bancoRegLabel[2][2]           ; Merged with Tomasulo:tomas|EstacaoReservaMulQk[1][0] ;
; Tomasulo:tomas|EstacaoReservaMulQk[1][2]     ; Merged with Tomasulo:tomas|EstacaoReservaMulQk[1][0] ;
; Tomasulo:tomas|EstacaoReservaMulLabel[1][5]  ; Merged with Tomasulo:tomas|EstacaoReservaMulQk[1][0] ;
; Tomasulo:tomas|EstacaoReservaMulQk[0][4]     ; Merged with Tomasulo:tomas|EstacaoReservaMulQk[1][0] ;
; Tomasulo:tomas|EstacaoReservaMulLabel[1][8]  ; Merged with Tomasulo:tomas|EstacaoReservaMulQk[1][0] ;
; Tomasulo:tomas|EstacaoReservaMulQk[1][6]     ; Merged with Tomasulo:tomas|EstacaoReservaMulQk[1][0] ;
; Tomasulo:tomas|EstacaoReservaMulLabel[1][0]  ; Merged with Tomasulo:tomas|EstacaoReservaMulQk[1][0] ;
; Tomasulo:tomas|EstacaoReservaMulLabel[0][8]  ; Merged with Tomasulo:tomas|EstacaoReservaMulQk[1][0] ;
; Tomasulo:tomas|bancoRegLabel[2][0]           ; Merged with Tomasulo:tomas|EstacaoReservaMulQk[1][0] ;
; Tomasulo:tomas|bancoRegLabel[3][2]           ; Merged with Tomasulo:tomas|EstacaoReservaMulQk[1][0] ;
; Tomasulo:tomas|EstacaoReservaMulOp[1][0]     ; Merged with Tomasulo:tomas|EstacaoReservaMulQk[1][0] ;
; Tomasulo:tomas|bancoRegLabel[3][6]           ; Merged with Tomasulo:tomas|EstacaoReservaMulQk[1][0] ;
; Tomasulo:tomas|EstacaoReservaMulQj[1][6]     ; Merged with Tomasulo:tomas|EstacaoReservaMulQk[1][0] ;
; Tomasulo:tomas|bancoRegLabel[3][10]          ; Merged with Tomasulo:tomas|EstacaoReservaMulQk[1][0] ;
; Tomasulo:tomas|EstacaoReservaMulOp[0][0]     ; Merged with Tomasulo:tomas|EstacaoReservaMulQk[1][0] ;
; Tomasulo:tomas|bancoRegLabel[2][3]           ; Merged with Tomasulo:tomas|EstacaoReservaMulQk[1][0] ;
; Tomasulo:tomas|EstacaoReservaMulLabel[0][2]  ; Merged with Tomasulo:tomas|EstacaoReservaMulQk[1][0] ;
; Tomasulo:tomas|bancoRegLabel[2][7]           ; Merged with Tomasulo:tomas|EstacaoReservaMulQk[1][0] ;
; Tomasulo:tomas|EstacaoReservaMulLabel[1][2]  ; Merged with Tomasulo:tomas|EstacaoReservaMulQk[1][0] ;
; Tomasulo:tomas|EstacaoReservaMulQk[0][8]     ; Merged with Tomasulo:tomas|EstacaoReservaMulQk[1][0] ;
; Tomasulo:tomas|EstacaoReservaMulLabel[1][3]  ; Merged with Tomasulo:tomas|EstacaoReservaMulQk[1][0] ;
; Tomasulo:tomas|EstacaoReservaMulQk[0][9]     ; Merged with Tomasulo:tomas|EstacaoReservaMulQk[1][0] ;
; Tomasulo:tomas|EstacaoReservaMulQj[1][3]     ; Merged with Tomasulo:tomas|EstacaoReservaMulQk[1][0] ;
; Tomasulo:tomas|EstacaoReservaMulLabel[0][9]  ; Merged with Tomasulo:tomas|EstacaoReservaMulQk[1][0] ;
; Tomasulo:tomas|EstacaoReservaMulQj[1][7]     ; Merged with Tomasulo:tomas|EstacaoReservaMulQk[1][0] ;
; Tomasulo:tomas|bancoRegLabel[3][5]           ; Merged with Tomasulo:tomas|EstacaoReservaMulQk[1][0] ;
; Tomasulo:tomas|EstacaoReservaMulQj[1][5]     ; Merged with Tomasulo:tomas|EstacaoReservaMulQk[1][0] ;
; Tomasulo:tomas|EstacaoReservaMulQk[1][9]     ; Merged with Tomasulo:tomas|EstacaoReservaMulQk[1][0] ;
; Tomasulo:tomas|EstacaoReservaMulQj[0][6]     ; Merged with Tomasulo:tomas|EstacaoReservaMulQk[1][0] ;
; Tomasulo:tomas|EstacaoReservaMulQj[0][10]    ; Merged with Tomasulo:tomas|EstacaoReservaMulQk[1][0] ;
; Tomasulo:tomas|EstacaoReservaMulQk[0][7]     ; Merged with Tomasulo:tomas|EstacaoReservaMulQk[1][0] ;
; Tomasulo:tomas|EstacaoReservaMulLabel[1][4]  ; Merged with Tomasulo:tomas|EstacaoReservaMulQk[1][0] ;
; Tomasulo:tomas|SumIndex[0]                   ; Merged with Tomasulo:tomas|SumIndex[1]               ;
; Tomasulo:tomas|EstacaoReservaMulJusy[1]      ; Merged with Tomasulo:tomas|EstacaoReservaMulJusy[0]  ;
; Tomasulo:tomas|EstacaoReservaMulKusy[0,1]    ; Merged with Tomasulo:tomas|EstacaoReservaMulJusy[0]  ;
; Tomasulo:tomas|EstacaoReservaAddOp[1][2]     ; Merged with Tomasulo:tomas|EstacaoReservaAddOp[1][1] ;
; Tomasulo:tomas|EstacaoReservaAddOp[1][3]     ; Merged with Tomasulo:tomas|EstacaoReservaAddOp[1][1] ;
; Tomasulo:tomas|EstacaoReservaAddOp[0][2]     ; Merged with Tomasulo:tomas|EstacaoReservaAddOp[0][1] ;
; Tomasulo:tomas|EstacaoReservaAddOp[0][3]     ; Merged with Tomasulo:tomas|EstacaoReservaAddOp[0][1] ;
; Tomasulo:tomas|EstacaoReservaMulQk[1][0]     ; Stuck at GND due to stuck port data_in               ;
; Tomasulo:tomas|EstacaoReservaMulBusy[0,1]    ; Stuck at GND due to stuck port data_in               ;
; Tomasulo:tomas|MulOp                         ; Stuck at GND due to stuck port data_in               ;
; Tomasulo:tomas|MulIndex[0,1]                 ; Stuck at GND due to stuck port data_in               ;
; Tomasulo:tomas|MulBusy                       ; Stuck at GND due to stuck port data_in               ;
; Tomasulo:tomas|MulDone                       ; Stuck at GND due to stuck port data_in               ;
; Tomasulo:tomas|MulState[0..2]                ; Stuck at GND due to stuck port data_in               ;
; Tomasulo:tomas|EstacaoReservaAddOp[0][1]     ; Stuck at GND due to stuck port data_in               ;
; Tomasulo:tomas|SumIndex[1]                   ; Stuck at GND due to stuck port data_in               ;
; Tomasulo:tomas|SumState[1]                   ; Stuck at GND due to stuck port data_in               ;
; Tomasulo:tomas|bancoRegLabelPres[2,3]        ; Stuck at GND due to stuck port data_in               ;
; Tomasulo:tomas|TabelaValoresDest[0][3]       ; Stuck at GND due to stuck port data_in               ;
; Tomasulo:tomas|TabelaValoresDest[1][3]       ; Stuck at GND due to stuck port data_in               ;
; Tomasulo:tomas|TabelaValoresDest[2][3]       ; Stuck at GND due to stuck port data_in               ;
; Tomasulo:tomas|TabelaValoresDest[3][3]       ; Stuck at GND due to stuck port data_in               ;
; Tomasulo:tomas|TabelaValoresDest[0][2]       ; Stuck at GND due to stuck port data_in               ;
; Tomasulo:tomas|TabelaValoresDest[1][2]       ; Stuck at GND due to stuck port data_in               ;
; Tomasulo:tomas|TabelaValoresDest[2][2]       ; Stuck at GND due to stuck port data_in               ;
; Tomasulo:tomas|TabelaValoresDest[3][2]       ; Stuck at GND due to stuck port data_in               ;
; Tomasulo:tomas|TabelaValoresDest[0][1]       ; Stuck at GND due to stuck port data_in               ;
; Tomasulo:tomas|TabelaValoresDest[1][1]       ; Stuck at GND due to stuck port data_in               ;
; Tomasulo:tomas|TabelaValoresDest[2][1]       ; Stuck at GND due to stuck port data_in               ;
; Tomasulo:tomas|TabelaValoresDest[3][1]       ; Stuck at GND due to stuck port data_in               ;
; Tomasulo:tomas|EstacaoReservaAddQk[0][10]    ; Lost fanout                                          ;
; Tomasulo:tomas|EstacaoReservaAddQk[0][9]     ; Lost fanout                                          ;
; Tomasulo:tomas|EstacaoReservaAddQk[0][8]     ; Lost fanout                                          ;
; Tomasulo:tomas|EstacaoReservaAddQk[0][7]     ; Lost fanout                                          ;
; Tomasulo:tomas|EstacaoReservaAddQk[0][6]     ; Lost fanout                                          ;
; Tomasulo:tomas|EstacaoReservaAddQk[0][5]     ; Lost fanout                                          ;
; Tomasulo:tomas|EstacaoReservaAddQk[0][4]     ; Lost fanout                                          ;
; Tomasulo:tomas|EstacaoReservaAddQk[0][3]     ; Lost fanout                                          ;
; Tomasulo:tomas|EstacaoReservaAddQk[0][2]     ; Lost fanout                                          ;
; Tomasulo:tomas|EstacaoReservaAddQk[0][1]     ; Lost fanout                                          ;
; Tomasulo:tomas|EstacaoReservaAddQk[0][0]     ; Lost fanout                                          ;
; Tomasulo:tomas|EstacaoReservaAddQk[1][10]    ; Lost fanout                                          ;
; Tomasulo:tomas|EstacaoReservaAddQk[1][9]     ; Lost fanout                                          ;
; Tomasulo:tomas|EstacaoReservaAddQk[1][8]     ; Lost fanout                                          ;
; Tomasulo:tomas|EstacaoReservaAddQk[1][7]     ; Lost fanout                                          ;
; Tomasulo:tomas|EstacaoReservaAddQk[1][6]     ; Lost fanout                                          ;
; Tomasulo:tomas|EstacaoReservaAddQk[1][5]     ; Lost fanout                                          ;
; Tomasulo:tomas|EstacaoReservaAddQk[1][4]     ; Lost fanout                                          ;
; Tomasulo:tomas|EstacaoReservaAddQk[1][3]     ; Lost fanout                                          ;
; Tomasulo:tomas|EstacaoReservaAddQk[1][2]     ; Lost fanout                                          ;
; Tomasulo:tomas|EstacaoReservaAddQk[1][1]     ; Lost fanout                                          ;
; Tomasulo:tomas|EstacaoReservaAddQk[1][0]     ; Lost fanout                                          ;
; Tomasulo:tomas|EstacaoReservaAddOp[0][0]     ; Stuck at VCC due to stuck port data_in               ;
; Tomasulo:tomas|EstacaoReservaAddKusy[0]      ; Stuck at GND due to stuck port data_in               ;
; Tomasulo:tomas|EstacaoReservaAddOp[1][0]     ; Stuck at VCC due to stuck port data_in               ;
; Tomasulo:tomas|EstacaoReservaAddKusy[1]      ; Stuck at GND due to stuck port data_in               ;
; Tomasulo:tomas|EstacaoReservaAddLabel[0][5]  ; Stuck at GND due to stuck port data_in               ;
; Tomasulo:tomas|EstacaoReservaAddLabel[1][5]  ; Stuck at GND due to stuck port data_in               ;
; Tomasulo:tomas|EstacaoReservaAddLabel[0][4]  ; Stuck at GND due to stuck port data_in               ;
; Tomasulo:tomas|EstacaoReservaAddLabel[1][4]  ; Stuck at GND due to stuck port data_in               ;
; Tomasulo:tomas|SumOp~5                       ; Lost fanout                                          ;
; Tomasulo:tomas|EstacaoReservaAddOp[1][1]     ; Lost fanout                                          ;
; Tomasulo:tomas|SumOp.01                      ; Lost fanout                                          ;
; Tomasulo:tomas|bancoRegLabel[1][2]           ; Merged with Tomasulo:tomas|bancoRegLabel[1][1]       ;
; Tomasulo:tomas|bancoRegLabel[1][3]           ; Merged with Tomasulo:tomas|bancoRegLabel[1][1]       ;
; Tomasulo:tomas|bancoRegLabel[1][4]           ; Merged with Tomasulo:tomas|bancoRegLabel[1][1]       ;
; Tomasulo:tomas|bancoRegLabel[1][5]           ; Merged with Tomasulo:tomas|bancoRegLabel[1][1]       ;
; Tomasulo:tomas|count[5..15]                  ; Lost fanout                                          ;
; Tomasulo:tomas|bancoRegLabel[1][0]           ; Stuck at VCC due to stuck port data_in               ;
; Tomasulo:tomas|EstacaoReservaAddLabel[0][1]  ; Stuck at GND due to stuck port data_in               ;
; Tomasulo:tomas|EstacaoReservaAddLabel[1][1]  ; Stuck at GND due to stuck port data_in               ;
; Tomasulo:tomas|EstacaoReservaAddLabel[0][2]  ; Stuck at GND due to stuck port data_in               ;
; Tomasulo:tomas|EstacaoReservaAddLabel[1][2]  ; Stuck at GND due to stuck port data_in               ;
; Tomasulo:tomas|EstacaoReservaAddLabel[0][3]  ; Stuck at GND due to stuck port data_in               ;
; Tomasulo:tomas|EstacaoReservaAddLabel[1][3]  ; Stuck at GND due to stuck port data_in               ;
; Tomasulo:tomas|bancoRegLabel[0][0]           ; Stuck at GND due to stuck port data_in               ;
; Tomasulo:tomas|bancoRegLabel[0][1]           ; Stuck at GND due to stuck port data_in               ;
; Tomasulo:tomas|bancoRegLabel[1][1]           ; Stuck at GND due to stuck port data_in               ;
; Tomasulo:tomas|bancoRegLabel[0][2]           ; Stuck at GND due to stuck port data_in               ;
; Tomasulo:tomas|bancoRegLabel[0][3]           ; Stuck at GND due to stuck port data_in               ;
; Tomasulo:tomas|bancoRegLabel[0][4]           ; Stuck at GND due to stuck port data_in               ;
; Tomasulo:tomas|bancoRegLabel[0][5]           ; Stuck at GND due to stuck port data_in               ;
; Tomasulo:tomas|EstacaoReservaAddQj[0][5]     ; Merged with Tomasulo:tomas|EstacaoReservaAddQj[0][4] ;
; Tomasulo:tomas|EstacaoReservaAddQj[0][4]     ; Merged with Tomasulo:tomas|EstacaoReservaAddQj[0][3] ;
; Tomasulo:tomas|EstacaoReservaAddQj[0][3]     ; Merged with Tomasulo:tomas|EstacaoReservaAddQj[0][2] ;
; Tomasulo:tomas|EstacaoReservaAddQj[0][2]     ; Merged with Tomasulo:tomas|EstacaoReservaAddQj[0][1] ;
; Tomasulo:tomas|EstacaoReservaAddQj[0][1]     ; Merged with Tomasulo:tomas|EstacaoReservaAddQj[1][5] ;
; Tomasulo:tomas|EstacaoReservaAddQj[1][5]     ; Merged with Tomasulo:tomas|EstacaoReservaAddQj[1][4] ;
; Tomasulo:tomas|EstacaoReservaAddQj[1][4]     ; Merged with Tomasulo:tomas|EstacaoReservaAddQj[1][3] ;
; Tomasulo:tomas|EstacaoReservaAddQj[1][3]     ; Merged with Tomasulo:tomas|EstacaoReservaAddQj[1][2] ;
; Tomasulo:tomas|EstacaoReservaAddQj[1][2]     ; Merged with Tomasulo:tomas|EstacaoReservaAddQj[1][1] ;
; Tomasulo:tomas|EstacaoReservaAddQj[1][1]     ; Merged with Tomasulo:tomas|TabelaValoresLabel[3][3]  ;
; Tomasulo:tomas|TabelaValoresLabel[3][3]      ; Merged with Tomasulo:tomas|TabelaValoresLabel[3][2]  ;
; Tomasulo:tomas|TabelaValoresLabel[3][2]      ; Merged with Tomasulo:tomas|TabelaValoresLabel[3][1]  ;
; Tomasulo:tomas|TabelaValoresLabel[3][1]      ; Merged with Tomasulo:tomas|TabelaValoresLabel[3][4]  ;
; Tomasulo:tomas|TabelaValoresLabel[3][4]      ; Merged with Tomasulo:tomas|TabelaValoresLabel[3][5]  ;
; Tomasulo:tomas|TabelaValoresLabel[3][5]      ; Merged with Tomasulo:tomas|TabelaValoresLabel[0][3]  ;
; Tomasulo:tomas|TabelaValoresLabel[0][3]      ; Merged with Tomasulo:tomas|TabelaValoresLabel[0][2]  ;
; Tomasulo:tomas|TabelaValoresLabel[0][2]      ; Merged with Tomasulo:tomas|TabelaValoresLabel[0][1]  ;
; Tomasulo:tomas|TabelaValoresLabel[0][1]      ; Merged with Tomasulo:tomas|TabelaValoresLabel[0][4]  ;
; Tomasulo:tomas|TabelaValoresLabel[0][4]      ; Merged with Tomasulo:tomas|TabelaValoresLabel[0][5]  ;
; Tomasulo:tomas|TabelaValoresLabel[0][5]      ; Merged with Tomasulo:tomas|TabelaValoresLabel[2][3]  ;
; Tomasulo:tomas|TabelaValoresLabel[2][3]      ; Merged with Tomasulo:tomas|TabelaValoresLabel[2][2]  ;
; Tomasulo:tomas|TabelaValoresLabel[2][2]      ; Merged with Tomasulo:tomas|TabelaValoresLabel[2][1]  ;
; Tomasulo:tomas|TabelaValoresLabel[2][1]      ; Merged with Tomasulo:tomas|TabelaValoresLabel[2][4]  ;
; Tomasulo:tomas|TabelaValoresLabel[2][4]      ; Merged with Tomasulo:tomas|TabelaValoresLabel[2][5]  ;
; Tomasulo:tomas|TabelaValoresLabel[2][5]      ; Merged with Tomasulo:tomas|TabelaValoresLabel[1][3]  ;
; Tomasulo:tomas|TabelaValoresLabel[1][3]      ; Merged with Tomasulo:tomas|TabelaValoresLabel[1][2]  ;
; Tomasulo:tomas|TabelaValoresLabel[1][2]      ; Merged with Tomasulo:tomas|TabelaValoresLabel[1][1]  ;
; Tomasulo:tomas|TabelaValoresLabel[1][1]      ; Merged with Tomasulo:tomas|TabelaValoresLabel[1][4]  ;
; Tomasulo:tomas|TabelaValoresLabel[1][4]      ; Merged with Tomasulo:tomas|TabelaValoresLabel[1][5]  ;
; Tomasulo:tomas|TabelaValoresLabel[1][5]      ; Stuck at GND due to stuck port data_in               ;
; Total Number of Removed Registers = 225      ;                                                      ;
+----------------------------------------------+------------------------------------------------------+


+------------------------------------------------------------------------------------------------------------------------------------------------------------+
; Removed Registers Triggering Further Register Optimizations                                                                                                ;
+------------------------------------------+---------------------------+-------------------------------------------------------------------------------------+
; Register name                            ; Reason for Removal        ; Registers Removed due to This Register                                              ;
+------------------------------------------+---------------------------+-------------------------------------------------------------------------------------+
; Tomasulo:tomas|EstacaoReservaMulQk[1][0] ; Stuck at GND              ; Tomasulo:tomas|MulOp, Tomasulo:tomas|MulDone, Tomasulo:tomas|MulState[0],           ;
;                                          ; due to stuck port data_in ; Tomasulo:tomas|MulState[1], Tomasulo:tomas|MulState[2],                             ;
;                                          ;                           ; Tomasulo:tomas|EstacaoReservaAddQk[0][10],                                          ;
;                                          ;                           ; Tomasulo:tomas|EstacaoReservaAddQk[0][9], Tomasulo:tomas|EstacaoReservaAddQk[0][8], ;
;                                          ;                           ; Tomasulo:tomas|EstacaoReservaAddQk[0][7], Tomasulo:tomas|EstacaoReservaAddQk[0][6], ;
;                                          ;                           ; Tomasulo:tomas|EstacaoReservaAddQk[0][5], Tomasulo:tomas|EstacaoReservaAddQk[0][4], ;
;                                          ;                           ; Tomasulo:tomas|EstacaoReservaAddQk[0][3], Tomasulo:tomas|EstacaoReservaAddQk[0][2], ;
;                                          ;                           ; Tomasulo:tomas|EstacaoReservaAddQk[0][1], Tomasulo:tomas|EstacaoReservaAddQk[0][0], ;
;                                          ;                           ; Tomasulo:tomas|EstacaoReservaAddQk[1][10],                                          ;
;                                          ;                           ; Tomasulo:tomas|EstacaoReservaAddQk[1][9]                                            ;
; Tomasulo:tomas|SumDone                   ; Stuck at GND              ; Tomasulo:tomas|CDBusy, Tomasulo:tomas|EstacaoReservaMulBusy[1],                     ;
;                                          ; due to stuck port data_in ; Tomasulo:tomas|EstacaoReservaMulBusy[0], Tomasulo:tomas|MulIndex[0],                ;
;                                          ;                           ; Tomasulo:tomas|MulBusy, Tomasulo:tomas|EstacaoReservaAddKusy[0],                    ;
;                                          ;                           ; Tomasulo:tomas|EstacaoReservaAddKusy[1]                                             ;
; Tomasulo:tomas|EstacaoReservaAddOp[0][0] ; Stuck at VCC              ; Tomasulo:tomas|EstacaoReservaAddOp[1][1]                                            ;
;                                          ; due to stuck port data_in ;                                                                                     ;
+------------------------------------------+---------------------------+-------------------------------------------------------------------------------------+


+------------------------------------------------------+
; General Register Statistics                          ;
+----------------------------------------------+-------+
; Statistic                                    ; Value ;
+----------------------------------------------+-------+
; Total registers                              ; 94    ;
; Number of registers using Synchronous Clear  ; 0     ;
; Number of registers using Synchronous Load   ; 0     ;
; Number of registers using Asynchronous Clear ; 0     ;
; Number of registers using Asynchronous Load  ; 0     ;
; Number of registers using Clock Enable       ; 82    ;
; Number of registers using Preset             ; 0     ;
+----------------------------------------------+-------+


+---------------------------------------------------------------------------------------------------------------------------------------------------------------+
; Multiplexer Restructuring Statistics (Restructuring Performed)                                                                                                ;
+--------------------+-----------+---------------+----------------------+------------------------+------------+-------------------------------------------------+
; Multiplexer Inputs ; Bus Width ; Baseline Area ; Area if Restructured ; Saving if Restructured ; Registered ; Example Multiplexer Output                      ;
+--------------------+-----------+---------------+----------------------+------------------------+------------+-------------------------------------------------+
; 3:1                ; 2 bits    ; 4 LEs         ; 2 LEs                ; 2 LEs                  ; Yes        ; |pratica3|Tomasulo:tomas|SumState[1]            ;
; 4:1                ; 2 bits    ; 4 LEs         ; 2 LEs                ; 2 LEs                  ; Yes        ; |pratica3|Tomasulo:tomas|TabelaValoresIndex[0]  ;
; 7:1                ; 11 bits   ; 44 LEs        ; 22 LEs               ; 22 LEs                 ; Yes        ; |pratica3|Tomasulo:tomas|bancoRegLabel[1][0]    ;
; 7:1                ; 11 bits   ; 44 LEs        ; 22 LEs               ; 22 LEs                 ; Yes        ; |pratica3|Tomasulo:tomas|bancoRegLabel[0][5]    ;
; 4:1                ; 25 bits   ; 50 LEs        ; 50 LEs               ; 0 LEs                  ; No         ; |pratica3|Tomasulo:tomas|Mux308                 ;
; 4:1                ; 8 bits    ; 16 LEs        ; 16 LEs               ; 0 LEs                  ; No         ; |pratica3|Tomasulo:tomas|Mux105                 ;
; 4:1                ; 17 bits   ; 34 LEs        ; 34 LEs               ; 0 LEs                  ; No         ; |pratica3|Tomasulo:tomas|Mux355                 ;
; 3:1                ; 2 bits    ; 4 LEs         ; 4 LEs                ; 0 LEs                  ; No         ; |pratica3|Tomasulo:tomas|Mux44                  ;
; 3:1                ; 2 bits    ; 4 LEs         ; 4 LEs                ; 0 LEs                  ; No         ; |pratica3|Tomasulo:tomas|Mux164                 ;
; 3:1                ; 4 bits    ; 8 LEs         ; 4 LEs                ; 4 LEs                  ; No         ; |pratica3|Tomasulo:tomas|TabelaValoresBusy      ;
; 3:1                ; 4 bits    ; 8 LEs         ; 4 LEs                ; 4 LEs                  ; No         ; |pratica3|Tomasulo:tomas|TabelaValoresBusy      ;
; 5:1                ; 11 bits   ; 33 LEs        ; 22 LEs               ; 11 LEs                 ; No         ; |pratica3|Tomasulo:tomas|bancoRegLabel          ;
; 5:1                ; 11 bits   ; 33 LEs        ; 22 LEs               ; 11 LEs                 ; No         ; |pratica3|Tomasulo:tomas|bancoRegLabel          ;
; 5:1                ; 5 bits    ; 15 LEs        ; 10 LEs               ; 5 LEs                  ; No         ; |pratica3|Tomasulo:tomas|pc                     ;
; 6:1                ; 4 bits    ; 16 LEs        ; 8 LEs                ; 8 LEs                  ; No         ; |pratica3|Tomasulo:tomas|SumState               ;
; 5:1                ; 5 bits    ; 15 LEs        ; 5 LEs                ; 10 LEs                 ; No         ; |pratica3|Tomasulo:tomas|EstacaoReservaAddLabel ;
; 5:1                ; 6 bits    ; 18 LEs        ; 12 LEs               ; 6 LEs                  ; No         ; |pratica3|Tomasulo:tomas|EstacaoReservaAddLabel ;
; 6:1                ; 5 bits    ; 20 LEs        ; 5 LEs                ; 15 LEs                 ; No         ; |pratica3|Tomasulo:tomas|EstacaoReservaAddLabel ;
; 6:1                ; 6 bits    ; 24 LEs        ; 12 LEs               ; 12 LEs                 ; No         ; |pratica3|Tomasulo:tomas|EstacaoReservaAddLabel ;
; 8:1                ; 2 bits    ; 10 LEs        ; 2 LEs                ; 8 LEs                  ; No         ; |pratica3|Tomasulo:tomas|SumOp                  ;
; 8:1                ; 11 bits   ; 55 LEs        ; 33 LEs               ; 22 LEs                 ; No         ; |pratica3|Tomasulo:tomas|EstacaoReservaAddQj    ;
; 10:1               ; 11 bits   ; 66 LEs        ; 44 LEs               ; 22 LEs                 ; No         ; |pratica3|Tomasulo:tomas|EstacaoReservaAddQk    ;
; 9:1                ; 11 bits   ; 66 LEs        ; 33 LEs               ; 33 LEs                 ; No         ; |pratica3|Tomasulo:tomas|EstacaoReservaAddQj    ;
; 11:1               ; 11 bits   ; 77 LEs        ; 44 LEs               ; 33 LEs                 ; No         ; |pratica3|Tomasulo:tomas|EstacaoReservaAddQk    ;
; 23:1               ; 4 bits    ; 60 LEs        ; 4 LEs                ; 56 LEs                 ; No         ; |pratica3|Tomasulo:tomas|TabelaValoresDest      ;
; 23:1               ; 5 bits    ; 75 LEs        ; 5 LEs                ; 70 LEs                 ; No         ; |pratica3|Tomasulo:tomas|TabelaValoresLabel     ;
; 23:1               ; 7 bits    ; 105 LEs       ; 14 LEs               ; 91 LEs                 ; No         ; |pratica3|Tomasulo:tomas|TabelaValoresLabel     ;
; 23:1               ; 4 bits    ; 60 LEs        ; 4 LEs                ; 56 LEs                 ; No         ; |pratica3|Tomasulo:tomas|TabelaValoresPres      ;
; 23:1               ; 5 bits    ; 75 LEs        ; 5 LEs                ; 70 LEs                 ; No         ; |pratica3|Tomasulo:tomas|TabelaValoresLabel     ;
; 23:1               ; 7 bits    ; 105 LEs       ; 14 LEs               ; 91 LEs                 ; No         ; |pratica3|Tomasulo:tomas|TabelaValoresLabel     ;
; 23:1               ; 4 bits    ; 60 LEs        ; 4 LEs                ; 56 LEs                 ; No         ; |pratica3|Tomasulo:tomas|TabelaValoresPres      ;
; 23:1               ; 5 bits    ; 75 LEs        ; 5 LEs                ; 70 LEs                 ; No         ; |pratica3|Tomasulo:tomas|TabelaValoresLabel     ;
; 23:1               ; 7 bits    ; 105 LEs       ; 14 LEs               ; 91 LEs                 ; No         ; |pratica3|Tomasulo:tomas|TabelaValoresDest      ;
; 23:1               ; 4 bits    ; 60 LEs        ; 4 LEs                ; 56 LEs                 ; No         ; |pratica3|Tomasulo:tomas|TabelaValoresPres      ;
; 23:1               ; 5 bits    ; 75 LEs        ; 5 LEs                ; 70 LEs                 ; No         ; |pratica3|Tomasulo:tomas|TabelaValoresLabel     ;
; 23:1               ; 7 bits    ; 105 LEs       ; 14 LEs               ; 91 LEs                 ; No         ; |pratica3|Tomasulo:tomas|TabelaValoresLabel     ;
+--------------------+-----------+---------------+----------------------+------------------------+------------+-------------------------------------------------+


+--------------------------------------------------------------------------------------------------------------------+
; Port Connectivity Checks: "Tomasulo:tomas"                                                                         ;
+----------+--------+----------+-------------------------------------------------------------------------------------+
; Port     ; Type   ; Severity ; Details                                                                             ;
+----------+--------+----------+-------------------------------------------------------------------------------------+
; regValue ; Output ; Info     ; Connected to dangling logic. Logic that only feeds a dangling port will be removed. ;
+----------+--------+----------+-------------------------------------------------------------------------------------+


+-------------------------------+
; Elapsed Time Per Partition    ;
+----------------+--------------+
; Partition Name ; Elapsed Time ;
+----------------+--------------+
; Top            ; 00:00:21     ;
+----------------+--------------+


+-------------------------------+
; Analysis & Synthesis Messages ;
+-------------------------------+
Info: *******************************************************************
Info: Running Quartus II 64-Bit Analysis & Synthesis
    Info: Version 13.0.1 Build 232 06/12/2013 Service Pack 1 SJ Web Edition
    Info: Processing started: Fri May 25 23:53:37 2018
Info: Command: quartus_map --read_settings_files=on --write_settings_files=off pratica3 -c pratica3
Warning (20028): Parallel compilation is not licensed and has been disabled
Info (12021): Found 2 design units, including 2 entities, in source file pratica3.v
    Info (12023): Found entity 1: pratica3
    Info (12023): Found entity 2: Tomasulo
Info (12127): Elaborating entity "pratica3" for the top level hierarchy
Warning (10034): Output port "LEDR" at pratica3.v(3) has no driver
Warning (10034): Output port "LEDG[7..1]" at pratica3.v(2) has no driver
Warning (10034): Output port "HEX0" at pratica3.v(4) has no driver
Info (12128): Elaborating entity "Tomasulo" for hierarchy "Tomasulo:tomas"
Warning (10036): Verilog HDL or VHDL warning at pratica3.v(68): object "TabelaValoresOp" assigned a value but never read
Warning (10230): Verilog HDL assignment warning at pratica3.v(182): truncated value with size 32 to match size of target (3)
Warning (10230): Verilog HDL assignment warning at pratica3.v(200): truncated value with size 32 to match size of target (3)
Warning (10230): Verilog HDL assignment warning at pratica3.v(225): truncated value with size 32 to match size of target (2)
Warning (10230): Verilog HDL assignment warning at pratica3.v(366): truncated value with size 32 to match size of target (6)
Warning (10230): Verilog HDL assignment warning at pratica3.v(489): truncated value with size 32 to match size of target (6)
Warning (10230): Verilog HDL assignment warning at pratica3.v(534): truncated value with size 32 to match size of target (3)
Warning (10230): Verilog HDL assignment warning at pratica3.v(573): truncated value with size 32 to match size of target (3)
Warning (10230): Verilog HDL assignment warning at pratica3.v(684): truncated value with size 32 to match size of target (2)
Warning (10230): Verilog HDL assignment warning at pratica3.v(702): truncated value with size 32 to match size of target (3)
Warning (10230): Verilog HDL assignment warning at pratica3.v(703): truncated value with size 32 to match size of target (3)
Warning (10230): Verilog HDL assignment warning at pratica3.v(712): truncated value with size 32 to match size of target (3)
Warning (10230): Verilog HDL assignment warning at pratica3.v(753): truncated value with size 32 to match size of target (16)
Warning (10230): Verilog HDL assignment warning at pratica3.v(776): truncated value with size 32 to match size of target (16)
Warning (13024): Output pins are stuck at VCC or GND
    Warning (13410): Pin "LEDR[0]" is stuck at GND
    Warning (13410): Pin "LEDR[1]" is stuck at GND
    Warning (13410): Pin "LEDR[2]" is stuck at GND
    Warning (13410): Pin "LEDR[3]" is stuck at GND
    Warning (13410): Pin "LEDR[4]" is stuck at GND
    Warning (13410): Pin "LEDR[5]" is stuck at GND
    Warning (13410): Pin "LEDR[6]" is stuck at GND
    Warning (13410): Pin "LEDR[7]" is stuck at GND
    Warning (13410): Pin "LEDR[8]" is stuck at GND
    Warning (13410): Pin "LEDR[9]" is stuck at GND
    Warning (13410): Pin "LEDR[10]" is stuck at GND
    Warning (13410): Pin "LEDR[11]" is stuck at GND
    Warning (13410): Pin "LEDR[12]" is stuck at GND
    Warning (13410): Pin "LEDR[13]" is stuck at GND
    Warning (13410): Pin "LEDR[14]" is stuck at GND
    Warning (13410): Pin "LEDR[15]" is stuck at GND
    Warning (13410): Pin "LEDG[1]" is stuck at GND
    Warning (13410): Pin "LEDG[2]" is stuck at GND
    Warning (13410): Pin "LEDG[3]" is stuck at GND
    Warning (13410): Pin "LEDG[4]" is stuck at GND
    Warning (13410): Pin "LEDG[5]" is stuck at GND
    Warning (13410): Pin "LEDG[6]" is stuck at GND
    Warning (13410): Pin "LEDG[7]" is stuck at GND
    Warning (13410): Pin "HEX0[0]" is stuck at GND
    Warning (13410): Pin "HEX0[1]" is stuck at GND
    Warning (13410): Pin "HEX0[2]" is stuck at GND
    Warning (13410): Pin "HEX0[3]" is stuck at GND
    Warning (13410): Pin "HEX0[4]" is stuck at GND
    Warning (13410): Pin "HEX0[5]" is stuck at GND
    Warning (13410): Pin "HEX0[6]" is stuck at GND
    Warning (13410): Pin "HEX0[7]" is stuck at GND
Info (17049): 36 registers lost all their fanouts during netlist optimizations.
Info (16010): Generating hard_block partition "hard_block:auto_generated_inst"
    Info (16011): Adding 0 node(s), including 0 DDIO, 0 PLL, 0 transceiver and 0 LCELL
Warning (21074): Design contains 16 input pin(s) that do not drive logic
    Warning (15610): No output dependent on input pin "SW[0]"
    Warning (15610): No output dependent on input pin "SW[1]"
    Warning (15610): No output dependent on input pin "SW[2]"
    Warning (15610): No output dependent on input pin "SW[3]"
    Warning (15610): No output dependent on input pin "SW[4]"
    Warning (15610): No output dependent on input pin "SW[5]"
    Warning (15610): No output dependent on input pin "SW[6]"
    Warning (15610): No output dependent on input pin "SW[7]"
    Warning (15610): No output dependent on input pin "SW[8]"
    Warning (15610): No output dependent on input pin "SW[9]"
    Warning (15610): No output dependent on input pin "SW[10]"
    Warning (15610): No output dependent on input pin "SW[11]"
    Warning (15610): No output dependent on input pin "SW[12]"
    Warning (15610): No output dependent on input pin "SW[13]"
    Warning (15610): No output dependent on input pin "SW[14]"
    Warning (15610): No output dependent on input pin "SW[15]"
Info (21057): Implemented 746 device resources after synthesis - the final resource count might be different
    Info (21058): Implemented 18 input pins
    Info (21059): Implemented 32 output pins
    Info (21061): Implemented 696 logic cells
Info: Quartus II 64-Bit Analysis & Synthesis was successful. 0 errors, 67 warnings
    Info: Peak virtual memory: 581 megabytes
    Info: Processing ended: Fri May 25 23:54:06 2018
    Info: Elapsed time: 00:00:29
    Info: Total CPU time (on all processors): 00:00:24


